[NotebookApp | WARNING] No nbgrader_config.py file found (rerun with --debug to see where nbgrader is looking)
[NotebookApp | INFO] Loading the validate_assignment nbgrader serverextension
[NotebookApp | INFO] Serving notebooks from local directory: /Users/sivaambi/GitHub/2019_PSS
[NotebookApp | INFO] The Jupyter Notebook is running at:
[NotebookApp | INFO] http://localhost:8888/?token=462b7bd246ab81c3cc6c886dc6ec24ae19421b3e36f1ee52
[NotebookApp | INFO] Use Control-C to stop this server and shut down all kernels (twice to skip confirmation).
[NotebookApp | CRITICAL] 
    
    To access the notebook, open this file in a browser:
        file:///Users/sivaambi/Library/Jupyter/runtime/nbserver-2722-open.html
    Or copy and paste one of these URLs:
        http://localhost:8888/?token=462b7bd246ab81c3cc6c886dc6ec24ae19421b3e36f1ee52
[NotebookApp | INFO] interrupted
[NotebookApp | CRITICAL] Shutdown confirmed
[NotebookApp | INFO] Shutting down 0 kernels
[NotebookApp | WARNING] No nbgrader_config.py file found (rerun with --debug to see where nbgrader is looking)
[NotebookApp | INFO] Loading the validate_assignment nbgrader serverextension
[NotebookApp | INFO] Serving notebooks from local directory: /Users/sivaambi/GitHub/2019_PSS
[NotebookApp | INFO] The Jupyter Notebook is running at:
[NotebookApp | INFO] http://localhost:8888/?token=e5e9eb1554b28866aebe879373b050a0871fd90e52be0fc5
[NotebookApp | INFO] Use Control-C to stop this server and shut down all kernels (twice to skip confirmation).
[NotebookApp | CRITICAL] 
    
    To access the notebook, open this file in a browser:
        file:///Users/sivaambi/Library/Jupyter/runtime/nbserver-8967-open.html
    Or copy and paste one of these URLs:
        http://localhost:8888/?token=e5e9eb1554b28866aebe879373b050a0871fd90e52be0fc5
[NotebookApp | INFO] interrupted
[NotebookApp | CRITICAL] Shutdown confirmed
[NotebookApp | INFO] Shutting down 0 kernels
[NotebookApp | WARNING] No nbgrader_config.py file found (rerun with --debug to see where nbgrader is looking)
[NotebookApp | INFO] Loading the validate_assignment nbgrader serverextension
[NotebookApp | INFO] Serving notebooks from local directory: /Users/sivaambi/GitHub/2019_PSS
[NotebookApp | INFO] The Jupyter Notebook is running at:
[NotebookApp | INFO] http://localhost:8888/?token=6ecdb53f5cd0f4a7c441b90e0e3c98c71d1f90defac801ad
[NotebookApp | INFO] Use Control-C to stop this server and shut down all kernels (twice to skip confirmation).
[NotebookApp | CRITICAL] 
    
    To access the notebook, open this file in a browser:
        file:///Users/sivaambi/Library/Jupyter/runtime/nbserver-8976-open.html
    Or copy and paste one of these URLs:
        http://localhost:8888/?token=6ecdb53f5cd0f4a7c441b90e0e3c98c71d1f90defac801ad
[NotebookApp | INFO] Shutting down on /api/shutdown request.
[NotebookApp | INFO] Shutting down 0 kernels
